Build started 4/2/2014 1:12:31 PM.
     1>Project "C:\Users\Ezio\Desktop\FYP\OpenCLTemplate\ProjectFilesVS2010.vcxproj" on node 2 (rebuild target(s)).
     1>_PrepareForClean:
         Deleting file "C:\Users\Ezio\Desktop\FYP\OpenCLTemplate\Win32\Debug\OpenCLTemplate_VS2010.lastbuildstate".
       InitializeBuildStatus:
         Touching "C:\Users\Ezio\Desktop\FYP\OpenCLTemplate\Win32\Debug\OpenCLTemplate_VS2010.unsuccessfulbuild".
       ClCompile:
         C:\Program Files (x86)\Microsoft Visual Studio 10.0\VC\bin\CL.exe /c /I"C:\Program Files (x86)\AMD APP\\include" /ZI /nologo /W1 /WX- /Od /Oy- /D WIN32 /D _DEBUG /D _CONSOLE /D ATI_OS_WIN /D _CRT_SECURE_NO_DEPRECATE /D _CRT_NONSTDC_NO_DEPRECATE /GF- /Gm- /EHsc /RTC1 /MTd /GS /Gy- /fp:precise /fp:except- /Zc:wchar_t /Zc:forScope /GR /openmp- /Fo"C:\Users\Ezio\Desktop\FYP\OpenCLTemplate\Win32\Debug\\" /Fd"C:\Users\Ezio\Desktop\FYP\OpenCLTemplate\Win32\Debug\vc100.pdb" /Gd /TP /analyze- /errorReport:prompt /FAu OpenCLTemplate.cpp OpenCLTemplateMain.cpp Timer.cpp
         OpenCLTemplate.cpp
         OpenCLTemplateMain.cpp
         Timer.cpp
         Generating Code...
       ManifestResourceCompile:
         C:\Program Files (x86)\Microsoft SDKs\Windows\v7.0A\bin\rc.exe /nologo /fo"C:\Users\Ezio\Desktop\FYP\OpenCLTemplate\Win32\Debug\OpenCLTemplate_VS2010.exe.embed.manifest.res" C:\Users\Ezio\Desktop\FYP\OpenCLTemplate\Win32\Debug\OpenCLTemplate_VS2010_manifest.rc 
       Link:
         C:\Program Files (x86)\Microsoft Visual Studio 10.0\VC\bin\link.exe /ERRORREPORT:PROMPT /OUT:"C:\Users\Ezio\Desktop\FYP\OpenCLTemplate\Win32\Debug\OpenCLTemplate_VS2010.exe" /INCREMENTAL /NOLOGO /LIBPATH:"C:\Program Files (x86)\AMD APP\\lib\x86" /LIBPATH:"C:\Users\Ezio\Documents\AMD APP\\lib\x86" OpenCL.lib /MANIFEST /ManifestFile:"C:\Users\Ezio\Desktop\FYP\OpenCLTemplate\Win32\Debug\OpenCLTemplate_VS2010.exe.intermediate.manifest" /MANIFESTUAC:"level='asInvoker' uiAccess='false'" /DEBUG /PDB:"C:\Users\Ezio\Desktop\FYP\OpenCLTemplate\Win32\Debug\OpenCLTemplate_VS2010.pdb" /ASSEMBLYDEBUG:DISABLE /SUBSYSTEM:CONSOLE /HEAP:"0","0" /STACK:"0","0" /TLBID:1 /DYNAMICBASE /NXCOMPAT /IMPLIB:"C:\Users\Ezio\Desktop\FYP\OpenCLTemplate\Win32\Debug\OpenCLTemplate_VS2010.lib" /MACHINE:X86 C:\Users\Ezio\Desktop\FYP\OpenCLTemplate\Win32\Debug\OpenCLTemplate_VS2010.exe.embed.manifest.res
         C:\Users\Ezio\Desktop\FYP\OpenCLTemplate\Win32\Debug\OpenCLTemplate.obj
         C:\Users\Ezio\Desktop\FYP\OpenCLTemplate\Win32\Debug\OpenCLTemplateMain.obj
         C:\Users\Ezio\Desktop\FYP\OpenCLTemplate\Win32\Debug\Timer.obj
     1>LINK : fatal error LNK1123: failure during conversion to COFF: file invalid or corrupt
     1>Done Building Project "C:\Users\Ezio\Desktop\FYP\OpenCLTemplate\ProjectFilesVS2010.vcxproj" (rebuild target(s)) -- FAILED.

Build FAILED.

Time Elapsed 00:00:06.00
