\BOOKMARK [0][-]{dummy.1}{\376\377\000D\000e\000c\000l\000a\000r\000a\000t\000i\000o\000n\000\040\000o\000f\000\040\000A\000u\000t\000h\000o\000r\000s\000h\000i\000p}{}% 1
\BOOKMARK [0][-]{dummy.2}{\376\377\000A\000b\000s\000t\000r\000a\000c\000t}{}% 2
\BOOKMARK [0][-]{dummy.3}{\376\377\000A\000c\000k\000n\000o\000w\000l\000e\000d\000g\000e\000m\000e\000n\000t\000s}{}% 3
\BOOKMARK [0][-]{dummy.4}{\376\377\000T\000a\000b\000l\000e\000\040\000o\000f\000\040\000C\000o\000n\000t\000e\000n\000t\000s}{}% 4
\BOOKMARK [0][-]{dummy.5}{\376\377\000L\000i\000s\000t\000\040\000o\000f\000\040\000F\000i\000g\000u\000r\000e\000s}{}% 5
\BOOKMARK [0][-]{dummy.6}{\376\377\000A\000b\000b\000r\000e\000v\000i\000a\000t\000i\000o\000n\000s}{}% 6
\BOOKMARK [0][-]{chapter.1}{\376\377\000I\000n\000t\000r\000o\000d\000u\000c\000t\000i\000o\000n}{}% 7
\BOOKMARK [1][-]{section.1.1}{\376\377\000B\000a\000c\000k\000g\000r\000o\000u\000n\000d\000\040}{chapter.1}% 8
\BOOKMARK [1][-]{section.1.2}{\376\377\000P\000r\000o\000b\000l\000e\000m\000\040\000S\000t\000a\000t\000e\000m\000e\000n\000t}{chapter.1}% 9
\BOOKMARK [0][-]{chapter.2}{\376\377\000D\000e\000s\000i\000g\000n\000\040\000a\000n\000d\000\040\000I\000m\000p\000l\000e\000m\000e\000n\000t\000a\000t\000i\000o\000n}{}% 10
\BOOKMARK [1][-]{section.2.1}{\376\377\000M\000o\000d\000e\000l\000i\000n\000g\000\040\000o\000f\000\040\000a\000\040\000d\000e\000n\000s\000e\000r\000\040\000s\000l\000a\000b}{chapter.2}% 11
\BOOKMARK [2][-]{subsection.2.1.1}{\376\377\000F\000i\000n\000i\000t\000e\000\040\000D\000i\000f\000f\000e\000r\000e\000n\000c\000e\000\040\000T\000i\000m\000e\000\040\000D\000o\000m\000a\000i\000n\000\040\000\050\000F\000D\000T\000D\000\051\000\040\000t\000e\000c\000h\000n\000i\000q\000u\000e}{section.2.1}% 12
\BOOKMARK [2][-]{subsection.2.1.2}{\376\377\000T\000h\000e\000\040\000Y\000e\000e\000\040\000A\000l\000g\000o\000r\000i\000t\000h\000m}{section.2.1}% 13
\BOOKMARK [2][-]{subsection.2.1.3}{\376\377\000O\000n\000e\000-\000D\000i\000m\000e\000n\000s\000i\000o\000n\000a\000l\000\040\000F\000D\000T\000D\000\040\000s\000i\000m\000u\000l\000a\000t\000i\000o\000n}{section.2.1}% 14
\BOOKMARK [2][-]{subsection.2.1.4}{\376\377\000B\000o\000u\000n\000d\000a\000r\000y\000\040\000C\000o\000n\000d\000i\000t\000i\000o\000n\000s}{section.2.1}% 15
\BOOKMARK [3][-]{subsubsection.2.1.4.1}{\376\377\000P\000e\000r\000f\000e\000c\000t\000\040\000C\000o\000n\000d\000u\000c\000t\000o\000r\000\040\000B\000o\000u\000n\000d\000a\000r\000y}{subsection.2.1.4}% 16
\BOOKMARK [3][-]{subsubsection.2.1.4.2}{\376\377\000A\000b\000s\000o\000r\000b\000i\000n\000g\000\040\000B\000o\000u\000n\000d\000a\000r\000y\000\040\000C\000o\000n\000d\000i\000t\000i\000o\000n\000s}{subsection.2.1.4}% 17
\BOOKMARK [2][-]{subsection.2.1.5}{\376\377\000S\000i\000m\000u\000l\000a\000t\000i\000o\000n\000\040\000R\000e\000s\000u\000l\000t\000s}{section.2.1}% 18
\BOOKMARK [3][-]{subsubsection.2.1.5.1}{\376\377\000S\000i\000m\000u\000l\000a\000t\000i\000o\000n\000\040\000P\000a\000r\000a\000m\000e\000t\000e\000r\000s}{subsection.2.1.5}% 19
\BOOKMARK [3][-]{subsubsection.2.1.5.2}{\376\377\000F\000r\000e\000q\000u\000e\000n\000c\000y\000\040\000D\000o\000m\000a\000i\000n\000\040\000A\000n\000a\000l\000y\000s\000i\000s}{subsection.2.1.5}% 20
\BOOKMARK [1][-]{section.2.2}{\376\377\000M\000o\000d\000e\000l\000i\000n\000g\000\040\000o\000f\000\040\000N\000I\000M\000\040\000s\000l\000a\000b\000\040}{chapter.2}% 21
\BOOKMARK [2][-]{subsection.2.2.1}{\376\377\000L\000i\000m\000i\000t\000a\000t\000i\000o\000n\000\040\000o\000f\000\040\000F\000D\000T\000D}{section.2.2}% 22
\BOOKMARK [2][-]{subsection.2.2.2}{\376\377\000T\000h\000e\000\040\000D\000r\000u\000d\000e\000s\000\040\000M\000o\000d\000e\000l}{section.2.2}% 23
\BOOKMARK [3][-]{subsubsection.2.2.2.1}{\376\377\000D\000r\000u\000d\000e\000s\000\040\000A\000l\000g\000o\000r\000i\000t\000h\000m}{subsection.2.2.2}% 24
\BOOKMARK [2][-]{subsection.2.2.3}{\376\377\000S\000i\000m\000u\000l\000a\000t\000i\000o\000n\000\040\000o\000f\000\040\0001\000D\000\040\000D\000N\000G\000\040\000S\000l\000a\000b}{section.2.2}% 25
\BOOKMARK [3][-]{subsubsection.2.2.3.1}{\376\377\000P\000r\000o\000b\000l\000e\000m\000\040\000S\000p\000e\000c\000i\000f\000i\000c\000a\000t\000i\000o\000n}{subsection.2.2.3}% 26
\BOOKMARK [3][-]{subsubsection.2.2.3.2}{\376\377\000S\000i\000m\000u\000l\000a\000t\000i\000o\000n\000\040\000P\000a\000r\000a\000m\000e\000t\000e\000r\000s}{subsection.2.2.3}% 27
\BOOKMARK [2][-]{subsection.2.2.4}{\376\377\000S\000i\000m\000u\000l\000a\000t\000i\000o\000n\000\040\000R\000e\000s\000u\000l\000t\000s}{section.2.2}% 28
\BOOKMARK [1][-]{section.2.3}{\376\377\000I\000m\000p\000l\000e\000m\000e\000n\000t\000a\000t\000i\000o\000n\000\040\000i\000n\000\040\000C\000+\000+}{chapter.2}% 29
\BOOKMARK [2][-]{subsection.2.3.1}{\376\377\000F\000i\000l\000e\000\040\000h\000a\000n\000d\000l\000i\000n\000g\000\040\000i\000n\000\040\000c\000+\000+}{section.2.3}% 30
\BOOKMARK [1][-]{section.2.4}{\376\377\000I\000m\000p\000l\000e\000m\000e\000n\000t\000a\000t\000i\000o\000n\000\040\000o\000n\000\040\000G\000P\000U\000\040}{chapter.2}% 31
\BOOKMARK [2][-]{subsection.2.4.1}{\376\377\000O\000p\000e\000n\000C\000L}{section.2.4}% 32
\BOOKMARK [2][-]{subsection.2.4.2}{\376\377\000O\000p\000e\000n\000C\000L\000\040\000P\000r\000o\000g\000r\000a\000m\000\040\000F\000l\000o\000w}{section.2.4}% 33
\BOOKMARK [3][-]{subsubsection.2.4.2.1}{\376\377\000K\000e\000r\000n\000e\000l}{subsection.2.4.2}% 34
\BOOKMARK [3][-]{subsubsection.2.4.2.2}{\376\377\000H\000o\000s\000t\000\040\000P\000r\000o\000g\000r\000a\000m}{subsection.2.4.2}% 35
\BOOKMARK [2][-]{subsection.2.4.3}{\376\377\000C\000h\000a\000l\000l\000e\000n\000g\000e\000s\000\040\000i\000n\000\040\000G\000P\000U\000\040\000p\000r\000o\000g\000r\000a\000m\000m\000i\000n\000g}{section.2.4}% 36
\BOOKMARK [3][-]{subsubsection.2.4.3.1}{\376\377\000R\000e\000a\000d\000\040\000D\000e\000l\000a\000y}{subsection.2.4.3}% 37
\BOOKMARK [3][-]{subsubsection.2.4.3.2}{\376\377\000K\000e\000r\000n\000e\000l\000\040\000s\000y\000n\000c\000h\000r\000o\000n\000i\000z\000a\000t\000i\000o\000n}{subsection.2.4.3}% 38
\BOOKMARK [0][-]{chapter.3}{\376\377\000P\000e\000r\000f\000o\000r\000m\000a\000n\000c\000e\000\040\000A\000n\000a\000l\000y\000s\000i\000s\000\040\000a\000n\000d\000\040\000C\000o\000m\000p\000a\000r\000i\000s\000o\000n}{}% 39
\BOOKMARK [1][-]{section.3.1}{\376\377\000C\000o\000m\000p\000u\000t\000a\000t\000i\000o\000n\000a\000l\000\040\000t\000i\000m\000e\000\040\000c\000o\000m\000p\000a\000r\000i\000s\000o\000n}{chapter.3}% 40
\BOOKMARK [1][-]{section.3.2}{\376\377\000A\000n\000a\000l\000y\000s\000i\000s\000\040}{chapter.3}% 41
\BOOKMARK [1][-]{section.3.3}{\376\377\000C\000o\000n\000c\000l\000u\000s\000i\000o\000n\000\040\000a\000n\000d\000\040\000F\000u\000t\000u\000r\000e\000\040\000W\000o\000r\000k}{chapter.3}% 42
\BOOKMARK [2][-]{subsection.3.3.1}{\376\377\000C\000o\000n\000c\000l\000u\000s\000i\000o\000n\000\040}{section.3.3}% 43
\BOOKMARK [2][-]{subsection.3.3.2}{\376\377\000F\000u\000t\000u\000r\000e\000\040\000W\000o\000r\000k\000\040}{section.3.3}% 44
\BOOKMARK [0][-]{appendix.A}{\376\377\000P\000r\000o\000g\000r\000a\000m\000\040\000c\000o\000d\000e\000s}{}% 45
\BOOKMARK [0][-]{appendix.B}{\376\377\000P\000l\000a\000t\000f\000o\000r\000m\000s\000\040\000D\000e\000t\000a\000i\000l\000s}{}% 46
\BOOKMARK [0][-]{dummy.7}{\376\377\000B\000i\000b\000l\000i\000o\000g\000r\000a\000p\000h\000y}{}% 47
\BOOKMARK [0][-]{dummy.8}{\376\377\000I\000n\000d\000e\000x}{}% 48
