The system is: Windows - 6.1 - AMD64
Compiling the C compiler identification source file "CMakeCCompilerId.c" succeeded.
Compiler:  
Build flags: 
Id flags: 

The output was:
0

Microsoft (R) Visual Studio Version 10.0.30319.1.
Copyright (C) Microsoft Corp. All rights reserved.
1>------ Build started: Project: CompilerIdC, Configuration: Debug Win32 ------
1>Build started 2/2/2014 1:15:52 PM.
1>InitializeBuildStatus:
1>  Creating "Debug\CompilerIdC.unsuccessfulbuild" because "AlwaysCreate" was specified.
1>ClCompile:
1>  CMakeCCompilerId.c
1>Link:
1>  CompilerIdC.vcxproj -> C:\Users\Ezio\Desktop\FYP\OpenCLTemplate\build\CMakeFiles\2.8.12.2\CompilerIdC\.\CompilerIdC.exe
1>PostBuildEvent:
1>  CMAKE_C_COMPILER=C:\Program Files (x86)\Microsoft Visual Studio 10.0\VC\bin\cl.exe
1>FinalizeBuildStatus:
1>  Deleting file "Debug\CompilerIdC.unsuccessfulbuild".
1>  Touching "Debug\CompilerIdC.lastbuildstate".
1>
1>Build succeeded.
1>
1>Time Elapsed 00:00:06.40
========== Build: 1 succeeded, 0 failed, 0 up-to-date, 0 skipped ==========


Compilation of the C compiler identification source "CMakeCCompilerId.c" produced "CompilerIdC.exe"

Compilation of the C compiler identification source "CMakeCCompilerId.c" produced "CompilerIdC.vcxproj"

Compilation of the C compiler identification source "CMakeCCompilerId.c" produced "CompilerIdC.vcxproj.user"

The C compiler identification is MSVC, found in "C:/Users/Ezio/Desktop/FYP/OpenCLTemplate/build/CMakeFiles/2.8.12.2/CompilerIdC/CompilerIdC.exe"

Compiling the CXX compiler identification source file "CMakeCXXCompilerId.cpp" succeeded.
Compiler:  
Build flags: 
Id flags: 

The output was:
0

Microsoft (R) Visual Studio Version 10.0.30319.1.
Copyright (C) Microsoft Corp. All rights reserved.
1>------ Build started: Project: CompilerIdCXX, Configuration: Debug Win32 ------
1>Build started 2/2/2014 1:16:03 PM.
1>InitializeBuildStatus:
1>  Creating "Debug\CompilerIdCXX.unsuccessfulbuild" because "AlwaysCreate" was specified.
1>ClCompile:
1>  CMakeCXXCompilerId.cpp
1>Link:
1>  CompilerIdCXX.vcxproj -> C:\Users\Ezio\Desktop\FYP\OpenCLTemplate\build\CMakeFiles\2.8.12.2\CompilerIdCXX\.\CompilerIdCXX.exe
1>PostBuildEvent:
1>  CMAKE_CXX_COMPILER=C:\Program Files (x86)\Microsoft Visual Studio 10.0\VC\bin\cl.exe
1>FinalizeBuildStatus:
1>  Deleting file "Debug\CompilerIdCXX.unsuccessfulbuild".
1>  Touching "Debug\CompilerIdCXX.lastbuildstate".
1>
1>Build succeeded.
1>
1>Time Elapsed 00:00:01.10
========== Build: 1 succeeded, 0 failed, 0 up-to-date, 0 skipped ==========


Compilation of the CXX compiler identification source "CMakeCXXCompilerId.cpp" produced "CompilerIdCXX.exe"

Compilation of the CXX compiler identification source "CMakeCXXCompilerId.cpp" produced "CompilerIdCXX.vcxproj"

Compilation of the CXX compiler identification source "CMakeCXXCompilerId.cpp" produced "CompilerIdCXX.vcxproj.user"

The CXX compiler identification is MSVC, found in "C:/Users/Ezio/Desktop/FYP/OpenCLTemplate/build/CMakeFiles/2.8.12.2/CompilerIdCXX/CompilerIdCXX.exe"

