C:\USERS\EZIO\DESKTOP\FYP\OPENCLTEMPLATE\OPENCLTEMPLATE.ASM
C:\USERS\EZIO\DESKTOP\FYP\OPENCLTEMPLATE\OPENCLTEMPLATEMAIN.ASM
C:\USERS\EZIO\DESKTOP\FYP\OPENCLTEMPLATE\TIMER.ASM
C:\Users\Ezio\Desktop\FYP\OpenCLTemplate\Win32\Debug\cl.command.1.tlog
C:\Users\Ezio\Desktop\FYP\OpenCLTemplate\Win32\Debug\CL.read.1.tlog
C:\Users\Ezio\Desktop\FYP\OpenCLTemplate\Win32\Debug\CL.write.1.tlog
C:\Users\Ezio\Desktop\FYP\OpenCLTemplate\Win32\Debug\link.command.1.tlog
C:\Users\Ezio\Desktop\FYP\OpenCLTemplate\Win32\Debug\link.read.1.tlog
C:\Users\Ezio\Desktop\FYP\OpenCLTemplate\Win32\Debug\link.write.1.tlog
C:\USERS\EZIO\DESKTOP\FYP\OPENCLTEMPLATE\WIN32\DEBUG\OPENCLTEMPLATE.OBJ
C:\Users\Ezio\Desktop\FYP\OpenCLTemplate\Win32\Debug\OpenCLTemplate_VS2010.exe.embed.manifest
C:\USERS\EZIO\DESKTOP\FYP\OPENCLTEMPLATE\WIN32\DEBUG\OPENCLTEMPLATE_VS2010.EXE.EMBED.MANIFEST.RES
C:\Users\Ezio\Desktop\FYP\OpenCLTemplate\Win32\Debug\OpenCLTemplate_VS2010.write.1.tlog
C:\Users\Ezio\Desktop\FYP\OpenCLTemplate\Win32\Debug\OpenCLTemplate_VS2010_manifest.rc
C:\USERS\EZIO\DESKTOP\FYP\OPENCLTEMPLATE\WIN32\DEBUG\OPENCLTEMPLATEMAIN.OBJ
C:\Users\Ezio\Desktop\FYP\OpenCLTemplate\Win32\Debug\rc.command.1.tlog
C:\Users\Ezio\Desktop\FYP\OpenCLTemplate\Win32\Debug\rc.read.1.tlog
C:\Users\Ezio\Desktop\FYP\OpenCLTemplate\Win32\Debug\rc.write.1.tlog
C:\USERS\EZIO\DESKTOP\FYP\OPENCLTEMPLATE\WIN32\DEBUG\TIMER.OBJ
C:\Users\Ezio\Desktop\FYP\OpenCLTemplate\Win32\Debug\vc100.idb
C:\USERS\EZIO\DESKTOP\FYP\OPENCLTEMPLATE\WIN32\DEBUG\VC100.PDB
