Build started 15/3/2014 9:44:06 AM.
     1>Project "C:\Users\Ezio\Desktop\FYP\OpenCLTemplate\ProjectFilesVS2010.vcxproj" on node 2 (build target(s)).
     1>InitializeBuildStatus:
         Creating "C:\Users\Ezio\Desktop\FYP\OpenCLTemplate\Win32\Release\OpenCLTemplate_VS2010.unsuccessfulbuild" because "AlwaysCreate" was specified.
       ClCompile:
         C:\Program Files (x86)\Microsoft Visual Studio 10.0\VC\bin\CL.exe /c /I"C:\Program Files (x86)\AMD APP\\include" /Zi /nologo /W1 /WX- /O2 /Oi /Oy- /GL /D WIN32 /D NDEBUG /D _CONSOLE /D ATI_OS_WIN /D _CRT_SECURE_NO_DEPRECATE /D _CRT_NONSTDC_NO_DEPRECATE /Gm- /EHsc /MD /GS /Gy /fp:precise /Zc:wchar_t /Zc:forScope /Fo"C:\Users\Ezio\Desktop\FYP\OpenCLTemplate\Win32\Release\\" /Fd"C:\Users\Ezio\Desktop\FYP\OpenCLTemplate\Win32\Release\vc100.pdb" /Gd /TP /analyze- /errorReport:prompt OpenCLTemplateMain.cpp
         OpenCLTemplateMain.cpp
       Link:
         C:\Program Files (x86)\Microsoft Visual Studio 10.0\VC\bin\link.exe /ERRORREPORT:PROMPT /OUT:"C:\Users\Ezio\Desktop\FYP\OpenCLTemplate\Win32\Release\OpenCLTemplate_VS2010.exe" /INCREMENTAL:NO /NOLOGO /LIBPATH:"C:\Program Files (x86)\AMD APP\\lib\x86" /LIBPATH:"C:\Users\Ezio\Documents\AMD APP\\lib\x86" OpenCL.lib kernel32.lib user32.lib gdi32.lib winspool.lib comdlg32.lib advapi32.lib shell32.lib ole32.lib oleaut32.lib uuid.lib odbc32.lib odbccp32.lib kernel32.lib user32.lib gdi32.lib winspool.lib comdlg32.lib advapi32.lib shell32.lib ole32.lib oleaut32.lib uuid.lib odbc32.lib odbccp32.lib /MANIFEST /ManifestFile:"C:\Users\Ezio\Desktop\FYP\OpenCLTemplate\Win32\Release\OpenCLTemplate_VS2010.exe.intermediate.manifest" /MANIFESTUAC:"level='asInvoker' uiAccess='false'" /DEBUG /PDB:"C:\Users\Ezio\Desktop\FYP\OpenCLTemplate\Win32\Release\OpenCLTemplate_VS2010.pdb" /SUBSYSTEM:CONSOLE /OPT:REF /OPT:ICF /LTCG /TLBID:1 /DYNAMICBASE /NXCOMPAT /IMPLIB:"C:\Users\Ezio\Desktop\FYP\OpenCLTemplate\Win32\Release\OpenCLTemplate_VS2010.lib" /MACHINE:X86 C:\Users\Ezio\Desktop\FYP\OpenCLTemplate\Win32\Release\OpenCLTemplate.obj
         C:\Users\Ezio\Desktop\FYP\OpenCLTemplate\Win32\Release\OpenCLTemplateMain.obj
         C:\Users\Ezio\Desktop\FYP\OpenCLTemplate\Win32\Release\Timer.obj
         Generating code
         Finished generating code
         ProjectFilesVS2010.vcxproj -> C:\Users\Ezio\Desktop\FYP\OpenCLTemplate\Win32\Release\OpenCLTemplate_VS2010.exe
       Manifest:
         C:\Program Files (x86)\Microsoft SDKs\Windows\v7.0A\bin\mt.exe /nologo /verbose /outputresource:"C:\Users\Ezio\Desktop\FYP\OpenCLTemplate\Win32\Release\OpenCLTemplate_VS2010.exe;#1" /manifest C:\Users\Ezio\Desktop\FYP\OpenCLTemplate\Win32\Release\OpenCLTemplate_VS2010.exe.intermediate.manifest
       PostBuildEvent:
         copy OpenCLTemplate_Kernels.cl "C:\Users\Ezio\Desktop\FYP\OpenCLTemplate\Win32\Release\"\OpenCLTemplate_Kernels.cl
         :VCEnd
                 1 file(s) copied.
       FinalizeBuildStatus:
         Deleting file "C:\Users\Ezio\Desktop\FYP\OpenCLTemplate\Win32\Release\OpenCLTemplate_VS2010.unsuccessfulbuild".
         Touching "C:\Users\Ezio\Desktop\FYP\OpenCLTemplate\Win32\Release\OpenCLTemplate_VS2010.lastbuildstate".
     1>Done Building Project "C:\Users\Ezio\Desktop\FYP\OpenCLTemplate\ProjectFilesVS2010.vcxproj" (build target(s)).

Build succeeded.

Time Elapsed 00:00:19.81
